<html>
<head>
<title>TestNG:  Cucumber Reporting</title>
<link href="../testng.css" rel="stylesheet" type="text/css" />
<link href="../my-testng.css" rel="stylesheet" type="text/css" />

<style type="text/css">
.log { display: none;} 
.stack-trace { display: none;} 
</style>
<script type="text/javascript">
<!--
function flip(e) {
  current = e.style.display;
  if (current == 'block') {
    e.style.display = 'none';
    return 0;
  }
  else {
    e.style.display = 'block';
    return 1;
  }
}

function toggleBox(szDivId, elem, msg1, msg2)
{
  var res = -1;  if (document.getElementById) {
    res = flip(document.getElementById(szDivId));
  }
  else if (document.all) {
    // this is the way old msie versions work
    res = flip(document.all[szDivId]);
  }
  if(elem) {
    if(res == 0) elem.innerHTML = msg1; else elem.innerHTML = msg2;
  }

}

function toggleAllBoxes() {
  if (document.getElementsByTagName) {
    d = document.getElementsByTagName('div');
    for (i = 0; i < d.length; i++) {
      if (d[i].className == 'log') {
        flip(d[i]);
      }
    }
  }
}

// -->
</script>

</head>
<body>
<h2 align='center'>Cucumber Reporting</h2><table border='1' align="center">
<tr>
<td>Tests passed/Failed/Skipped:</td><td>1/4/0</td>
</tr><tr>
<td>Started on:</td><td>Fri Jul 04 23:12:06 WIB 2025</td>
</tr>
<tr><td>Total time:</td><td>31 seconds (31851 ms)</td>
</tr><tr>
<td>Included groups:</td><td></td>
</tr><tr>
<td>Excluded groups:</td><td></td>
</tr>
</table><p/>
<small><i>(Hover the method name to see the test class name)</i></small><p/>
<table width='100%' border='1' class='invocation-failed'>
<tr><td colspan='4' align='center'><b>FAILED TESTS</b></td></tr>
<tr><td><b>Test method</b></td>
<td><b>Attribute(s)</b></td>
<td width="30%"><b>Exception</b></td>
<td width="10%"><b>Time (seconds)</b></td>
<td><b>Instance</b></td>
</tr>
<tr>
<td title='com.zaidan.testng.runner.CucumberRunnerTests.runScenario()'><b>runScenario</b><br>Test class: com.zaidan.testng.runner.CucumberRunnerTests<br>Test method: Runs Cucumber Scenarios<br>Parameters: "Verify video can be played", "FR08-Access Materials"</td>
<td><div><pre>java.lang.AssertionError: The video cannot be played because it doesn&apos;t contain the embed link expected [true] but found [false]
	at com.zaidan.testng.definitions.AccessMaterials.userPlaysVideo(AccessMaterials.java:63)
	at ✽.User should be able to play the video(file:///C:/Users/MSI/OneDrive/Documents/Proyek/Fault%20Seeding/JTKLearn-Testing/src/test/resources/features/AccessMaterials.feature:16)
... Removed 3 stack frames</pre></div><a href='#' onClick='toggleBox("stack-trace846072718", this, "Click to show all stack frames", "Click to hide stack frames")'>Click to show all stack frames</a>
<div class='stack-trace' id='stack-trace846072718'><pre>java.lang.AssertionError: The video cannot be played because it doesn&apos;t contain the embed link expected [true] but found [false]
	at org.testng.Assert.fail(Assert.java:111)
	at org.testng.Assert.failNotEquals(Assert.java:1590)
	at org.testng.Assert.assertTrue(Assert.java:57)
	at com.zaidan.testng.definitions.AccessMaterials.userPlaysVideo(AccessMaterials.java:63)
	at ✽.User should be able to play the video(file:///C:/Users/MSI/OneDrive/Documents/Proyek/Fault%20Seeding/JTKLearn-Testing/src/test/resources/features/AccessMaterials.feature:16)
</pre></div></td>
<td>4</td>
<td>com.zaidan.testng.runner.CucumberRunnerTests@1d9b7cce</td></tr>
<tr>
<td title='com.zaidan.testng.runner.CucumberRunnerTests.runScenario()'><b>runScenario</b><br>Test class: com.zaidan.testng.runner.CucumberRunnerTests<br>Test method: Runs Cucumber Scenarios<br>Parameters: "Verify the time of finishing video material", "FR08-Access Materials"</td>
<td><div><pre>java.lang.AssertionError: The video cannot be played because it doesn&apos;t contain the embed link expected [true] but found [false]
	at com.zaidan.testng.definitions.AccessMaterials.userPlaysVideo(AccessMaterials.java:63)
	at ✽.User should be able to play the video(file:///C:/Users/MSI/OneDrive/Documents/Proyek/Fault%20Seeding/JTKLearn-Testing/src/test/resources/features/AccessMaterials.feature:45)
... Removed 3 stack frames</pre></div><a href='#' onClick='toggleBox("stack-trace1942258276", this, "Click to show all stack frames", "Click to hide stack frames")'>Click to show all stack frames</a>
<div class='stack-trace' id='stack-trace1942258276'><pre>java.lang.AssertionError: The video cannot be played because it doesn&apos;t contain the embed link expected [true] but found [false]
	at org.testng.Assert.fail(Assert.java:111)
	at org.testng.Assert.failNotEquals(Assert.java:1590)
	at org.testng.Assert.assertTrue(Assert.java:57)
	at com.zaidan.testng.definitions.AccessMaterials.userPlaysVideo(AccessMaterials.java:63)
	at ✽.User should be able to play the video(file:///C:/Users/MSI/OneDrive/Documents/Proyek/Fault%20Seeding/JTKLearn-Testing/src/test/resources/features/AccessMaterials.feature:45)
</pre></div></td>
<td>3</td>
<td>com.zaidan.testng.runner.CucumberRunnerTests@1d9b7cce</td></tr>
<tr>
<td title='com.zaidan.testng.runner.CucumberRunnerTests.runScenario()'><b>runScenario</b><br>Test class: com.zaidan.testng.runner.CucumberRunnerTests<br>Test method: Runs Cucumber Scenarios<br>Parameters: "Verify the time of finishing video material", "FR08-Access Materials"</td>
<td><div><pre>java.lang.AssertionError: The video cannot be played because it doesn&apos;t contain the embed link expected [true] but found [false]
	at com.zaidan.testng.definitions.AccessMaterials.userPlaysVideo(AccessMaterials.java:63)
	at ✽.User should be able to play the video(file:///C:/Users/MSI/OneDrive/Documents/Proyek/Fault%20Seeding/JTKLearn-Testing/src/test/resources/features/AccessMaterials.feature:45)
... Removed 3 stack frames</pre></div><a href='#' onClick='toggleBox("stack-trace1682586333", this, "Click to show all stack frames", "Click to hide stack frames")'>Click to show all stack frames</a>
<div class='stack-trace' id='stack-trace1682586333'><pre>java.lang.AssertionError: The video cannot be played because it doesn&apos;t contain the embed link expected [true] but found [false]
	at org.testng.Assert.fail(Assert.java:111)
	at org.testng.Assert.failNotEquals(Assert.java:1590)
	at org.testng.Assert.assertTrue(Assert.java:57)
	at com.zaidan.testng.definitions.AccessMaterials.userPlaysVideo(AccessMaterials.java:63)
	at ✽.User should be able to play the video(file:///C:/Users/MSI/OneDrive/Documents/Proyek/Fault%20Seeding/JTKLearn-Testing/src/test/resources/features/AccessMaterials.feature:45)
</pre></div></td>
<td>2</td>
<td>com.zaidan.testng.runner.CucumberRunnerTests@1d9b7cce</td></tr>
<tr>
<td title='com.zaidan.testng.runner.CucumberRunnerTests.runScenario()'><b>runScenario</b><br>Test class: com.zaidan.testng.runner.CucumberRunnerTests<br>Test method: Runs Cucumber Scenarios<br>Parameters: "Verify the time of finishing video material", "FR08-Access Materials"</td>
<td><div><pre>org.openqa.selenium.NoSuchElementException: no such element: Unable to locate element: {&quot;method&quot;:&quot;xpath&quot;,&quot;selector&quot;:&quot;/html/body/div/div/div/div/div[2]/div[2]/div[5]/button&quot;}
  (Session info: MicrosoftEdge=138.0.3351.65)
For documentation on this error, please visit: https://www.selenium.dev/documentation/webdriver/troubleshooting/errors#no-such-element-exception
Build info: version: &apos;4.32.0&apos;, revision: &apos;d17c8aa950&apos;
System info: os.name: &apos;Windows 11&apos;, os.arch: &apos;amd64&apos;, os.version: &apos;10.0&apos;, java.version: &apos;24.0.1&apos;
Driver info: org.openqa.selenium.edge.EdgeDriver
Command: [03e6175b6dddefaccab9115e1c7d82ec, findElement {value=/html/body/div/div/div/div/div[2]/div[2]/div[5]/button, using=xpath}]
Capabilities {acceptInsecureCerts: false, browserName: MicrosoftEdge, browserVersion: 138.0.3351.65, fedcm:accounts: true, ms:edgeOptions: {debuggerAddress: localhost:50242}, msedge: {msedgedriverVersion: 138.0.3351.65 (81e3782c3ab4..., userDataDir: C:\Users\MSI\AppData\Local\...}, networkConnectionEnabled: false, pageLoadStrategy: normal, platformName: windows, proxy: Proxy(), se:cdp: ws://localhost:50242/devtoo..., se:cdpVersion: 138.0.3351.65, setWindowRect: true, strictFileInteractability: false, timeouts: {implicit: 0, pageLoad: 300000, script: 30000}, unhandledPromptBehavior: dismiss and notify, webauthn:extension:credBlob: true, webauthn:extension:largeBlob: true, webauthn:extension:minPinLength: true, webauthn:extension:prf: true, webauthn:virtualAuthenticators: true}
Session ID: 03e6175b6dddefaccab9115e1c7d82ec
	at org.openqa.selenium.remote.ErrorCodec.decode(ErrorCodec.java:167)
	at org.openqa.selenium.remote.codec.w3c.W3CHttpResponseCodec.decode(W3CHttpResponseCodec.java:138)
	at org.openqa.selenium.remote.codec.w3c.W3CHttpResponseCodec.decode(W3CHttpResponseCodec.java:50)
	at org.openqa.selenium.remote.HttpCommandExecutor.execute(HttpCommandExecutor.java:215)
	at org.openqa.selenium.remote.service.DriverCommandExecutor.invokeExecute(DriverCommandExecutor.java:216)
	at org.openqa.selenium.remote.service.DriverCommandExecutor.execute(DriverCommandExecutor.java:174)
	at org.openqa.selenium.remote.RemoteWebDriver.execute(RemoteWebDriver.java:545)
	at org.openqa.selenium.remote.ElementLocation$ElementFinder$2.findElement(ElementLocation.java:165)
	at org.openqa.selenium.remote.ElementLocation.findElement(ElementLocation.java:59)
	at org.openqa.selenium.remote.RemoteWebDriver.findElement(RemoteWebDriver.java:368)
	at org.openqa.selenium.remote.RemoteWebDriver.findElement(RemoteWebDriver.java:362)
	at org.openqa.selenium.support.pagefactory.DefaultElementLocator.findElement(DefaultElementLocator.java:68)
	at org.openqa.selenium.support.pagefactory.internal.LocatingElementHandler.invoke(LocatingElementHandler.java:38)
	at jdk.proxy2/jdk.proxy2.$Proxy24.click(Unknown Source)
	at com.zaidan.testng.actions.CourseDetailsPageActions.continueCourse(CourseDetailsPageActions.java:94)
	at com.zaidan.testng.definitions.AccessMaterials.userClicksContinue(AccessMaterials.java:43)
	at ✽.User clicks on the continue button(file:///C:/Users/MSI/OneDrive/Documents/Proyek/Fault%20Seeding/JTKLearn-Testing/src/test/resources/features/AccessMaterials.feature:43)
... Removed 3 stack frames</pre></div><a href='#' onClick='toggleBox("stack-trace1005373776", this, "Click to show all stack frames", "Click to hide stack frames")'>Click to show all stack frames</a>
<div class='stack-trace' id='stack-trace1005373776'><pre>org.openqa.selenium.NoSuchElementException: no such element: Unable to locate element: {&quot;method&quot;:&quot;xpath&quot;,&quot;selector&quot;:&quot;/html/body/div/div/div/div/div[2]/div[2]/div[5]/button&quot;}
  (Session info: MicrosoftEdge=138.0.3351.65)
For documentation on this error, please visit: https://www.selenium.dev/documentation/webdriver/troubleshooting/errors#no-such-element-exception
Build info: version: &apos;4.32.0&apos;, revision: &apos;d17c8aa950&apos;
System info: os.name: &apos;Windows 11&apos;, os.arch: &apos;amd64&apos;, os.version: &apos;10.0&apos;, java.version: &apos;24.0.1&apos;
Driver info: org.openqa.selenium.edge.EdgeDriver
Command: [03e6175b6dddefaccab9115e1c7d82ec, findElement {value=/html/body/div/div/div/div/div[2]/div[2]/div[5]/button, using=xpath}]
Capabilities {acceptInsecureCerts: false, browserName: MicrosoftEdge, browserVersion: 138.0.3351.65, fedcm:accounts: true, ms:edgeOptions: {debuggerAddress: localhost:50242}, msedge: {msedgedriverVersion: 138.0.3351.65 (81e3782c3ab4..., userDataDir: C:\Users\MSI\AppData\Local\...}, networkConnectionEnabled: false, pageLoadStrategy: normal, platformName: windows, proxy: Proxy(), se:cdp: ws://localhost:50242/devtoo..., se:cdpVersion: 138.0.3351.65, setWindowRect: true, strictFileInteractability: false, timeouts: {implicit: 0, pageLoad: 300000, script: 30000}, unhandledPromptBehavior: dismiss and notify, webauthn:extension:credBlob: true, webauthn:extension:largeBlob: true, webauthn:extension:minPinLength: true, webauthn:extension:prf: true, webauthn:virtualAuthenticators: true}
Session ID: 03e6175b6dddefaccab9115e1c7d82ec
	at java.base/jdk.internal.reflect.DirectConstructorHandleAccessor.newInstance(DirectConstructorHandleAccessor.java:62)
	at java.base/java.lang.reflect.Constructor.newInstanceWithCaller(Constructor.java:499)
	at java.base/java.lang.reflect.Constructor.newInstance(Constructor.java:483)
	at org.openqa.selenium.remote.ErrorCodec.decode(ErrorCodec.java:167)
	at org.openqa.selenium.remote.codec.w3c.W3CHttpResponseCodec.decode(W3CHttpResponseCodec.java:138)
	at org.openqa.selenium.remote.codec.w3c.W3CHttpResponseCodec.decode(W3CHttpResponseCodec.java:50)
	at org.openqa.selenium.remote.HttpCommandExecutor.execute(HttpCommandExecutor.java:215)
	at org.openqa.selenium.remote.service.DriverCommandExecutor.invokeExecute(DriverCommandExecutor.java:216)
	at org.openqa.selenium.remote.service.DriverCommandExecutor.execute(DriverCommandExecutor.java:174)
	at org.openqa.selenium.remote.RemoteWebDriver.execute(RemoteWebDriver.java:545)
	at org.openqa.selenium.remote.ElementLocation$ElementFinder$2.findElement(ElementLocation.java:165)
	at org.openqa.selenium.remote.ElementLocation.findElement(ElementLocation.java:59)
	at org.openqa.selenium.remote.RemoteWebDriver.findElement(RemoteWebDriver.java:368)
	at org.openqa.selenium.remote.RemoteWebDriver.findElement(RemoteWebDriver.java:362)
	at org.openqa.selenium.support.pagefactory.DefaultElementLocator.findElement(DefaultElementLocator.java:68)
	at org.openqa.selenium.support.pagefactory.internal.LocatingElementHandler.invoke(LocatingElementHandler.java:38)
	at jdk.proxy2/jdk.proxy2.$Proxy24.click(Unknown Source)
	at com.zaidan.testng.actions.CourseDetailsPageActions.continueCourse(CourseDetailsPageActions.java:94)
	at com.zaidan.testng.definitions.AccessMaterials.userClicksContinue(AccessMaterials.java:43)
	at ✽.User clicks on the continue button(file:///C:/Users/MSI/OneDrive/Documents/Proyek/Fault%20Seeding/JTKLearn-Testing/src/test/resources/features/AccessMaterials.feature:43)
</pre></div></td>
<td>13</td>
<td>com.zaidan.testng.runner.CucumberRunnerTests@1d9b7cce</td></tr>
</table><p>
<table width='100%' border='1' class='invocation-passed'>
<tr><td colspan='4' align='center'><b>PASSED TESTS</b></td></tr>
<tr><td><b>Test method</b></td>
<td><b>Attribute(s)</b></td>
<td width="30%"><b>Exception</b></td>
<td width="10%"><b>Time (seconds)</b></td>
<td><b>Instance</b></td>
</tr>
<tr>
<td title='com.zaidan.testng.runner.CucumberRunnerTests.runScenario()'><b>runScenario</b><br>Test class: com.zaidan.testng.runner.CucumberRunnerTests<br>Test method: Runs Cucumber Scenarios<br>Parameters: "Verify PDF file can be opened and read", "FR08-Access Materials"</td>
<td></td>
<td>3</td>
<td>com.zaidan.testng.runner.CucumberRunnerTests@1d9b7cce</td></tr>
</table><p>
</body>
</html>